<?xml version="1.0" encoding="UTF-8"?>
<!-- Generated by org.testng.reporters.JUnitReportReporter -->
<testsuite hostname="LAPTOP-TO1HRTQE" failures="0" tests="3" name="com.qachallenge.suite.RestAssured.Stop_Finder" time="8.903" errors="0" timestamp="14 Oct. 2018 00:57:07 GMT" skipped="0">
  <testcase classname="com.qachallenge.suite.RestAssured.Stop_Finder" name="verifystatus" time="6.259"/>
  <testcase classname="com.qachallenge.suite.RestAssured.Stop_Finder" name="whenValidateResponseTime_thenSuccess" time="0.424"/>
  <testcase classname="com.qachallenge.suite.RestAssured.Stop_Finder" name="verifystopsmodes" time="2.220"/>
</testsuite> <!-- com.qachallenge.suite.RestAssured.Stop_Finder -->
