<?xml version="1.0" encoding="UTF-8"?>
<!-- Generated by org.testng.reporters.JUnitReportReporter -->
<testsuite hostname="LAPTOP-TO1HRTQE" failures="0" tests="3" name="com.qachallenge.suite.RestAssured.Stop_Finder" time="6.496" errors="0" timestamp="12 Oct 2018 12:36:23 GMT">
  <testcase classname="com.qachallenge.suite.RestAssured.Stop_Finder" name="whenValidateResponseTime_thenSuccess" time="0.479"/>
  <testcase classname="com.qachallenge.suite.RestAssured.Stop_Finder" name="verifylocationname" time="5.520"/>
  <testcase classname="com.qachallenge.suite.RestAssured.Stop_Finder" name="verifystatus" time="0.497"/>
</testsuite> <!-- com.qachallenge.suite.RestAssured.Stop_Finder -->
