<?xml version="1.0" encoding="UTF-8"?>
<!-- Generated by org.testng.reporters.JUnitReportReporter -->
<testsuite hostname="LAPTOP-TO1HRTQE" failures="0" tests="3" name="com.qachallenge.suite.RestAssured.Stop_Finder" time="6.276" errors="0" timestamp="14 Oct. 2018 01:05:13 GMT" skipped="0">
  <testcase classname="com.qachallenge.suite.RestAssured.Stop_Finder" name="verifystatus" time="4.353"/>
  <testcase classname="com.qachallenge.suite.RestAssured.Stop_Finder" name="whenValidateResponseTime_thenSuccess" time="0.423"/>
  <testcase classname="com.qachallenge.suite.RestAssured.Stop_Finder" name="verifystopsmodes" time="1.500"/>
</testsuite> <!-- com.qachallenge.suite.RestAssured.Stop_Finder -->
