<?xml version="1.0" encoding="UTF-8"?>
<!-- Generated by org.testng.reporters.JUnitReportReporter -->
<testsuite hostname="LAPTOP-TO1HRTQE" failures="0" tests="3" name="com.qachallenge.suite.RestAssured.Stop_Finder" time="30.572" errors="0" timestamp="14 Oct. 2018 04:08:40 GMT" skipped="0">
  <testcase classname="com.qachallenge.suite.RestAssured.Stop_Finder" name="verifystatus" time="23.193"/>
  <testcase classname="com.qachallenge.suite.RestAssured.Stop_Finder" name="whenValidateResponseTime_thenSuccess" time="0.785"/>
  <testcase classname="com.qachallenge.suite.RestAssured.Stop_Finder" name="verifystopsmodes" time="6.594"/>
</testsuite> <!-- com.qachallenge.suite.RestAssured.Stop_Finder -->
