<?xml version="1.0" encoding="UTF-8"?>
<!-- Generated by org.testng.reporters.JUnitReportReporter -->
<testsuite hostname="LAPTOP-TO1HRTQE" failures="0" tests="2" name="com.qachallenge.suite.RestAssured.LightBulb" time="6.359" errors="0" timestamp="12 Oct 2018 12:26:12 GMT">
  <testcase classname="com.qachallenge.suite.RestAssured.LightBulb" name="verifystatus" time="0.471"/>
  <testcase classname="com.qachallenge.suite.RestAssured.LightBulb" name="verifylocationname" time="5.888"/>
</testsuite> <!-- com.qachallenge.suite.RestAssured.LightBulb -->
