<?xml version="1.0" encoding="UTF-8"?>
<!-- Generated by org.testng.reporters.JUnitReportReporter -->
<testsuite hostname="LAPTOP-TO1HRTQE" failures="0" tests="3" name="com.qachallenge.suite.RestAssured.Stop_Finder" time="7.195" errors="0" timestamp="13 Oct 2018 10:39:17 GMT">
  <testcase classname="com.qachallenge.suite.RestAssured.Stop_Finder" name="verifystopsmodes" time="1.890"/>
  <testcase classname="com.qachallenge.suite.RestAssured.Stop_Finder" name="verifystatus" time="4.940"/>
  <testcase classname="com.qachallenge.suite.RestAssured.Stop_Finder" name="whenValidateResponseTime_thenSuccess" time="0.365"/>
</testsuite> <!-- com.qachallenge.suite.RestAssured.Stop_Finder -->
